<!DOCTYPE html>

<html>
    <head>
        <title>Pie Charts</title>

        <link rel="stylesheet" type="text/css" href="../../../../../../../HTML_Design_Files/CSS/design.css" />
        <link rel="stylesheet" type="text/css" href="../../../../../../../HTML_Design_Files/CSS/jquery.jqplot.css" />

        <script type="text/javascript" src="../../../../../../../HTML_Design_Files/JS/jquery.min.js"></script>
        <script type="text/javascript" src="../../../../../../../HTML_Design_Files/JS/jquery.jqplot.min.js"></script>
        <!--[if lt IE 9]>
        <script language="javascript" type="text/javascript" src="../../../../../../../HTML_Design_Files/JS/excanvas.js"></script>
        <![endif]-->

        <script language="javascript" type="text/javascript" src="../../../../../../../HTML_Design_Files/JS/jqplot.pieRenderer.min.js"></script>
        <script language="javascript" type="text/javascript">$(document).ready(function() { $(".exception").hide(); $("#showmenu").show(); $('#showmenu').click(function() { $('.exception').toggle("slide"); }); });        </script>    </head>
    <body>
        <table id="mainTable">
            <tr id="header" >
                <td id="logo"><img src="../../../../../../../HTML_Design_Files/IMG/atu.jpg" alt="Logo" height="80" width="140" /> <br/><i style="float:left;padding-left:20px;font-size:12px">Reflections of Visionary Minds</i></td>
                <td id="headertext">
           ATU Graphical Reports for Selenium -  TestNG         
<div style="padding-right:20px;float:right"><img src="../../../../../../../HTML_Design_Files/IMG/" height="70" width="140" /></div>                </td>
            </tr>

            <tr id="container">
                <td id="menu">
                    <ul> 

 <li class="menuStyle"><a href="../../../../../../../index.html" >Index</a></li><li style="padding-top: 4px;"><a href="../../../../../../ConsolidatedPage.html" >Consolidated Page</a></li>


                    </ul>
                </td>


<td id="content">   
                    <div class="info">
                        The following table lists down the Sequential Steps during the Run <br/>
TestCase Name: <b>switchWindows  :  Iteration 1</b><br/>                        Time Taken for Executing: <b>31 Sec</b> <br/>
                        Current Run Number: <b>Run 32</b></br>
Method Type: <b>Test Method</b></br>                    </div>
<div class="info"><br/><b>Requirement Coverage/ TestCase Description</b><br/><br/>Requirement Coverage/Build Info/Cycle - Description</div>
<div class="chartStyle summary" style="background-color: #646D7E;width: 30%; height: 200px;">          
                        <b>Execution Platform Details</b><br/><br/>
                        <table>
                            <tr>
                                <td>O.S</td>
                                <td>&nbsp;&nbsp;:&nbsp;&nbsp;</td>
                                <td>Windows 8.1, amd64Bit, v6.3</td>
                            </tr>
                            <tr>
                                <td>Java</td>
                                <td>&nbsp;&nbsp;:&nbsp;&nbsp;</td>
                                <td>1.8.0_73</td>
                            </tr>

                            <tr>
                                <td>Hostname</td>
                                <td>&nbsp;&nbsp;:&nbsp;&nbsp;</td>
                                <td>CBT-Test</td>
                            </tr>

                            <tr>
                                <td>Selenium</td>
                                <td>&nbsp;&nbsp;:&nbsp;&nbsp;</td>
                                <td>2.53.0</td>
                            </tr>
                        </table>  
                    </div>
                   
 <div class="chartStyle summary" style="background-color: #E03C31;margin-left: 20px; height: 200px;width: 30%; ">
                        <b>Summary</b><br/><br/>
                        <table>
                            <tr>
                                <td>Status</td>
                                <td>&nbsp;&nbsp;:&nbsp;&nbsp;</td>
                                <td>Failed</td>
                            </tr>
                            <tr>
                                <td>Execution Date</td>
                                <td>&nbsp;&nbsp;:&nbsp;&nbsp;</td>
                                <td>21-Apr-2016 05:53:03</td>
                            </tr>
                            

                            <tr>
                                <td>Browser</td>
                                <td>&nbsp;&nbsp;:&nbsp;&nbsp;</td>
                                <td>firefox,v45.0.2</td>
                            </tr>
                        </table> 
                    </div>
 <div class="chartStyle summary" style="background-color: #7F525D;margin-left: 20px; height: 200px;width: 30%; ">
                       <b>Author Info</b><br/><br/>
                        <table>
                            <tr>
                                <td>Author Name</td>
                                <td>&nbsp;&nbsp;:&nbsp;&nbsp;</td>
                                <td>Ashish Srivastava</td>                                
                            </tr>
                            <tr>
                                <td>Creation Date</td>
                                <td>&nbsp;&nbsp;:&nbsp;&nbsp;</td>
                                <td>21-Apr-2016 05:52:29</td>
                            </tr>
                            <tr>
                                <td>Version</td>
                                <td>&nbsp;&nbsp;:&nbsp;&nbsp;</td>
                                <td>1.0</td>
                            </tr>
                            <tr>
                                <td>System User</td>
                                <td>&nbsp;&nbsp;:&nbsp;&nbsp;</td>
                                <td>Administrator</td>
                            </tr>
                        </table> 
                    </div>
                    
   <div>
                        <table class="chartStyle" id="tableStyle" style="height:50px; float: left">
                            <tr>
                                <th>S.No</th>
                                <th>Step Description</th>
                                <th>Input Value</th>
                                <th>Expected Value</th>
                                <th>Actual Value</th>
                                <th>Time</th>
                                <th>Line No</th>
                                <th>Status</th>
                                <th>Screen shot</th>
                            </tr>
                           

<tr><td colspan="8"><b>No Steps Available</b></td></tr>
                        </div></table>  
<div class="chartStyle summary" style="color: black;width: 98%; height: 100%; padding-bottom: 30px;">          

                        <br/><br/><b>Reason for Failure:&nbsp;&nbsp;</b>No such Element exists With "xpath" = "//div[div[h2[text()='Clothing for Women']]]/following-sibling::div//div[text()='Fulfilled By Flipkart']/preceding-sibling::div[1]//div/img"}
Command duration or timeout: 10.17 seconds
For documentation on this error, please visit: http://seleniumhq.org/exceptions/no_such_element.html
Build info: version: '2.53.0', revision: '35ae25b1534ae328c771e0856c93e187490ca824', time: '2016-03-15 10:43:46'
System info: host: 'CBT-Test', ip: '10.10.10.224', os.name: 'Windows 8.1', os.arch: 'amd64', os.version: '6.3', java.version: '1.8.0_73'
Driver info: org.openqa.selenium.firefox.FirefoxDriver
Capabilities [{applicationCacheEnabled=true, rotatable=false, handlesAlerts=true, databaseEnabled=true, version=45.0.2, platform=WINDOWS, nativeEvents=false, acceptSslCerts=true, webStorageEnabled=true, locationContextEnabled=true, browserName=firefox, takesScreenshot=true, javascriptEnabled=true, cssSelectorsEnabled=true}]
Session ID: d6faa49e-f513-47d1-9862-4224e47e55f6
*** Element info: {Using=xpath, value=//div[div[h2[text()='Clothing for Women']]]/following-sibling::div//div[text()='Fulfilled By Flipkart']/preceding-sibling::div[1]//div/img<br/><br/>
<b id="showmenu">Click Me to Show/Hide the Full Stack Trace</b><div class="exception">
org.openqa.selenium.NoSuchElementException: Unable to locate element: {"method":"xpath","selector":"//div[div[h2[text()='Clothing for Women']]]/following-sibling::div//div[text()='Fulfilled By Flipkart']/preceding-sibling::div[1]//div/img"}
Command duration or timeout: 10.17 seconds
For documentation on this error, please visit: http://seleniumhq.org/exceptions/no_such_element.html
Build info: version: '2.53.0', revision: '35ae25b1534ae328c771e0856c93e187490ca824', time: '2016-03-15 10:43:46'
System info: host: 'CBT-Test', ip: '10.10.10.224', os.name: 'Windows 8.1', os.arch: 'amd64', os.version: '6.3', java.version: '1.8.0_73'
Driver info: org.openqa.selenium.firefox.FirefoxDriver
Capabilities [{applicationCacheEnabled=true, rotatable=false, handlesAlerts=true, databaseEnabled=true, version=45.0.2, platform=WINDOWS, nativeEvents=false, acceptSslCerts=true, webStorageEnabled=true, locationContextEnabled=true, browserName=firefox, takesScreenshot=true, javascriptEnabled=true, cssSelectorsEnabled=true}]
Session ID: d6faa49e-f513-47d1-9862-4224e47e55f6
*** Element info: {Using=xpath, value=//div[div[h2[text()='Clothing for Women']]]/following-sibling::div//div[text()='Fulfilled By Flipkart']/preceding-sibling::div[1]//div/img}
	at sun.reflect.NativeConstructorAccessorImpl.newInstance0(Native Method)
	at sun.reflect.NativeConstructorAccessorImpl.newInstance(NativeConstructorAccessorImpl.java:62)
	at sun.reflect.DelegatingConstructorAccessorImpl.newInstance(DelegatingConstructorAccessorImpl.java:45)
	at java.lang.reflect.Constructor.newInstance(Constructor.java:422)
	at org.openqa.selenium.remote.ErrorHandler.createThrowable(ErrorHandler.java:206)
	at org.openqa.selenium.remote.ErrorHandler.throwIfResponseFailed(ErrorHandler.java:158)
	at org.openqa.selenium.remote.RemoteWebDriver.execute(RemoteWebDriver.java:678)
	at org.openqa.selenium.remote.RemoteWebDriver.findElement(RemoteWebDriver.java:363)
	at org.openqa.selenium.remote.RemoteWebDriver.findElementByXPath(RemoteWebDriver.java:500)
	at org.openqa.selenium.By$ByXPath.findElement(By.java:361)
	at org.openqa.selenium.remote.RemoteWebDriver.findElement(RemoteWebDriver.java:355)
	at seleniumPractice.SwitchWindows.switchWindows(SwitchWindows.java:55)
	at sun.reflect.NativeMethodAccessorImpl.invoke0(Native Method)
	at sun.reflect.NativeMethodAccessorImpl.invoke(NativeMethodAccessorImpl.java:62)
	at sun.reflect.DelegatingMethodAccessorImpl.invoke(DelegatingMethodAccessorImpl.java:43)
	at java.lang.reflect.Method.invoke(Method.java:497)
	at org.testng.internal.MethodInvocationHelper.invokeMethod(MethodInvocationHelper.java:86)
	at org.testng.internal.Invoker.invokeMethod(Invoker.java:643)
	at org.testng.internal.Invoker.invokeTestMethod(Invoker.java:820)
	at org.testng.internal.Invoker.invokeTestMethods(Invoker.java:1128)
	at org.testng.internal.TestMethodWorker.invokeTestMethods(TestMethodWorker.java:129)
	at org.testng.internal.TestMethodWorker.run(TestMethodWorker.java:112)
	at org.testng.TestRunner.privateRun(TestRunner.java:782)
	at org.testng.TestRunner.run(TestRunner.java:632)
	at org.testng.SuiteRunner.runTest(SuiteRunner.java:366)
	at org.testng.SuiteRunner.runSequentially(SuiteRunner.java:361)
	at org.testng.SuiteRunner.privateRun(SuiteRunner.java:319)
	at org.testng.SuiteRunner.run(SuiteRunner.java:268)
	at org.testng.SuiteRunnerWorker.runSuite(SuiteRunnerWorker.java:52)
	at org.testng.SuiteRunnerWorker.run(SuiteRunnerWorker.java:86)
	at org.testng.TestNG.runSuitesSequentially(TestNG.java:1244)
	at org.testng.TestNG.runSuitesLocally(TestNG.java:1169)
	at org.testng.TestNG.run(TestNG.java:1064)
	at org.testng.remote.AbstractRemoteTestNG.run(AbstractRemoteTestNG.java:126)
	at org.testng.remote.RemoteTestNG.initAndRun(RemoteTestNG.java:137)
	at org.testng.remote.RemoteTestNG.main(RemoteTestNG.java:58)
Caused by: org.openqa.selenium.NoSuchElementException: Unable to locate element: {"method":"xpath","selector":"//div[div[h2[text()='Clothing for Women']]]/following-sibling::div//div[text()='Fulfilled By Flipkart']/preceding-sibling::div[1]//div/img"}
For documentation on this error, please visit: http://seleniumhq.org/exceptions/no_such_element.html
Build info: version: '2.53.0', revision: '35ae25b1534ae328c771e0856c93e187490ca824', time: '2016-03-15 10:43:46'
System info: host: 'CBT-Test', ip: '10.10.10.224', os.name: 'Windows 8.1', os.arch: 'amd64', os.version: '6.3', java.version: '1.8.0_73'
Driver info: driver.version: unknown
	at <anonymous class>.FirefoxDriver.prototype.findElementInternal_(file:///C:/Users/ADMINI~1/AppData/Local/Temp/anonymous8882111646771265416webdriver-profile/extensions/fxdriver@googlecode.com/components/driver-component.js:10770)
	at <anonymous class>.fxdriver.Timer.prototype.setTimeout/<.notify(file:///C:/Users/ADMINI~1/AppData/Local/Temp/anonymous8882111646771265416webdriver-profile/extensions/fxdriver@googlecode.com/components/driver-component.js:625)
</div>                    

                </td>
            </tr>            <tr id="footer">
                <td colspan="2">
                    Best Viewed in &nbsp;
                    <a href="http://www.mozilla.org/en-US/firefox/new/">Firefox</a> &nbsp;
                    <a href="http://www.apple.com/in/safari/">Safari</a>&nbsp;
                    <a href="http://www.google.com/chrome/">Chrome</a>&nbsp;
                    <a href="http://windows.microsoft.com/en-IN/internet-explorer/download-ie">IE 9 & Above</a>&nbsp;
                    &nbsp;
ATU Reporter Version: v5.5 BETA                    &nbsp;
                    Reports by: <a href="http://automationtestingutilities.blogspot.in/">Automation Testing Utilities</a>
                </td>
            </tr>
        </table>
    </body>
</html>
